<?xml version="1.0" encoding="UTF-8"?>
<testng-results ignored="0" total="2" passed="2" failed="0" skipped="0">
  <reporter-output>
  </reporter-output>
  <suite started-at="2023-02-03T15:53:42 IST" name="LambdaTestExpert" finished-at="2023-02-03T15:54:35 IST" duration-ms="53222">
    <groups>
    </groups>
    <test started-at="2023-02-03T15:53:42 IST" name="Test" finished-at="2023-02-03T15:54:07 IST" duration-ms="25681">
      <class name="com.test.Lambda.LambdaTestInitializer">
        <test-method signature="TestRuns(java.lang.String)[pri:0, instance:com.test.Lambda.LambdaTestInitializer@4c1909a3]" started-at="2023-02-03T15:53:42 IST" name="TestRuns" finished-at="2023-02-03T15:54:07 IST" duration-ms="25594" status="PASS">
          <params>
            <param index="0">
              <value>
                <![CDATA[Chrome]]>
              </value>
            </param>
          </params>
          <reporter-output>
          </reporter-output>
        </test-method> <!-- TestRuns -->
      </class> <!-- com.test.Lambda.LambdaTestInitializer -->
    </test> <!-- Test -->
    <test started-at="2023-02-03T15:54:08 IST" name="Test2" finished-at="2023-02-03T15:54:35 IST" duration-ms="27456">
      <class name="com.test.Lambda.LambdaTestInitializer">
        <test-method signature="TestRuns(java.lang.String)[pri:0, instance:com.test.Lambda.LambdaTestInitializer@78e4deb0]" started-at="2023-02-03T15:54:08 IST" name="TestRuns" finished-at="2023-02-03T15:54:35 IST" duration-ms="27451" status="PASS">
          <params>
            <param index="0">
              <value>
                <![CDATA[edge]]>
              </value>
            </param>
          </params>
          <reporter-output>
          </reporter-output>
        </test-method> <!-- TestRuns -->
      </class> <!-- com.test.Lambda.LambdaTestInitializer -->
    </test> <!-- Test2 -->
  </suite> <!-- LambdaTestExpert -->
</testng-results>
