<?xml version="1.0" encoding="UTF-8"?>
<testng-results ignored="0" total="2" passed="2" failed="0" skipped="0">
  <reporter-output>
  </reporter-output>
  <suite started-at="2023-02-15T13:14:30 IST" name="LambdaTestExpert" finished-at="2023-02-15T13:15:13 IST" duration-ms="43552">
    <groups>
    </groups>
    <test started-at="2023-02-15T13:14:30 IST" name="Test" finished-at="2023-02-15T13:15:01 IST" duration-ms="30894">
      <class name="com.test.Lambda.LambdaTestInitializer">
        <test-method signature="TestRuns(java.lang.String)[pri:0, instance:com.test.Lambda.LambdaTestInitializer@4c1909a3]" started-at="2023-02-15T13:14:30 IST" name="TestRuns" finished-at="2023-02-15T13:15:01 IST" duration-ms="30810" status="PASS">
          <params>
            <param index="0">
              <value>
                <![CDATA[Chrome]]>
              </value>
            </param>
          </params>
          <reporter-output>
          </reporter-output>
        </test-method> <!-- TestRuns -->
      </class> <!-- com.test.Lambda.LambdaTestInitializer -->
    </test> <!-- Test -->
    <test started-at="2023-02-15T13:14:30 IST" name="Test2" finished-at="2023-02-15T13:15:13 IST" duration-ms="43552">
      <class name="com.test.Lambda.LambdaTestInitializer">
        <test-method signature="TestRuns(java.lang.String)[pri:0, instance:com.test.Lambda.LambdaTestInitializer@78e4deb0]" started-at="2023-02-15T13:14:30 IST" name="TestRuns" finished-at="2023-02-15T13:15:13 IST" duration-ms="43476" status="PASS">
          <params>
            <param index="0">
              <value>
                <![CDATA[edge]]>
              </value>
            </param>
          </params>
          <reporter-output>
          </reporter-output>
        </test-method> <!-- TestRuns -->
      </class> <!-- com.test.Lambda.LambdaTestInitializer -->
    </test> <!-- Test2 -->
  </suite> <!-- LambdaTestExpert -->
</testng-results>
